0 silly input [ 'build-dev' ]
1 silly flags { _: [ 'run' ],
1 silly flags   'reject-cycles': false,
1 silly flags   rejectCycles: false,
1 silly flags   script: 'build-dev',
1 silly flags   args: [] }
2 verbose rootPath /Users/jschuler/Documents/GitHub/pf-org
3 info version 2.11.0
4 silly existsSync /Users/jschuler/Documents/GitHub/pf-org/VERSION
5 info versioning independent
6 silly initialize attempt
7 silly initialize success
8 silly execute attempt
9 silly runScriptInDir build-dev [] patternfly-3
10 silly getExecOpts { cwd: '/Users/jschuler/Documents/GitHub/pf-org/packages/patternfly-3' }
11 error build-dev Errored while running script in '@patternfly/org-patternfly-3'
12 error execute callback with error
13 error Error: Command failed: npm run build-dev
13 error fatal: not in a git directory
13 error fatal: not in a git directory
13 error fatal: Not a git repository (or any of the parent directories): .git
13 error fatal: Not a git repository (or any of the parent directories): .git
13 error npm ERR! code ELIFECYCLE
13 error npm ERR! errno 128
13 error npm ERR! @patternfly/org-patternfly-3@3.49.0 build-dev: `./node_modules/patternfly-eng-release/scripts/_build.sh -o`
13 error npm ERR! Exit status 128
13 error npm ERR!
13 error npm ERR! Failed at the @patternfly/org-patternfly-3@3.49.0 build-dev script.
13 error npm ERR! This is probably not a problem with npm. There is likely additional logging output above.
13 error
13 error npm ERR! A complete log of this run can be found in:
13 error npm ERR!     /Users/jschuler/.npm/_logs/2018-07-02T14_34_31_825Z-debug.log
13 error
13 error > @patternfly/org-patternfly-3@3.49.0 build-dev /Users/jschuler/Documents/GitHub/pf-org/packages/patternfly-3
13 error > ./node_modules/patternfly-eng-release/scripts/_build.sh -o
13 error
13 error *** This build is running against
13 error *** Setting up Git env
13 error
13 error *** Error: git add remote failure
13 error
13 error     at Promise.all.then.arr (/Users/jschuler/.nvm/versions/node/v8.11.2/lib/node_modules/lerna/node_modules/execa/index.js:236:11)
13 error     at <anonymous>
